DCCCXI
CMXVIII
CMLXXIX
MMMCDXXV
CMXCVI
MMCCV
MMCXIX
DCCCLXXVII
MMMDCCLIX
MMMCCCLXXIV
DCCCI
MMMDCLXXVII
MLXXIX
MMDCCIX
CCXL
MMCMXCIII
MMDCCCLXIII
MMMCMLIV
MCII
MMMCDLXXXIV
MMCMLVII
MMDI
MMMCMLVIII
MCDXXXV
XCVII
MMCCCXLIX
MDCXCIV
MMDCCCXLII
DCCCXLVII
MMMDCLXXXI
MMDCLIII
MMMCCL
MMMDLXIX
MDCXXXII
MCDLXXXVII
MCIX
CCCLXX
CDLXVI
MMMCCXLII
XCVI
MDLXXVIII
CLV
DXXXV
MMMCLXII
DLVI
MMDCXCIII
MCCXIII
MMMXLV
CCXXV
CCXCIX
CLXVII
MMMCCCLIX
MMCCXXXV
XXXII
MCMXVI
MDXXVII
CMXXXI
CMXXXI
DLX
MMMCDLXXXVII
MMXXVI
MMMDCCLXX
DXI
CDLXXXVI
LVI
MMDCCVI
MCDXLI
MMXVI
MMMCCLXIII
CDX
MMMCDXCI
MMMXCI
CCCLXI
MDXCIV
MMCCLXXI
MMMCCCXXXIII
MMDCCCLVI
DCLXIX
MCCXXI
DCCCXXXVIII
MMMCCLXVI
MMMCMLVI
DCCCLXXXV
MMCMLXV
MCXXIV
MMXXII
MCCLV
MMMDCLXXIX
MDVIII
MMI
MCCLXXII
MDLXXXII
MMCMXII
CCCII
MCDXXVII
MMCCCLXXIII
CXVII
MMMCCCXCIX
MMDCV
MMMCDIX
